
--------------------------------------------------
TXLib соболезнует...

Программа: D:\я\проект\bin\Release\проект.exe, файл: c:\codeblocks\codeblocks\mingw\include\txlib.h, строка: 13628, функция: bool {anonymous}::TX::txBitBlt(HDC, double, double, double, double, HDC, double, double, unsigned int),

Сообщение: Параметр "sourceImage" неверен. Возможно, этот холст не создан, или уже уничтожен, или не загрузилась картинка.

#1: TXLib [Ver: 00173a, Rev: 171, Date: 2022-07-23 02:08:28 +0400], Instance: 0x0051054C (32-bit), Flags: CMdRE0, Thread: 0x125C (Main), GetLastError(): 13 (Недопустимые данные). 

--------------------------------------------------
Стек вызовов:

# 2 0x76F97BBE in C:\Windows\SYSTEM32\ntdll.dll: RtlGetAppContainerNamedObjectPath()
# 3 0x76F97B8E in C:\Windows\SYSTEM32\ntdll.dll: RtlGetAppContainerNamedObjectPath()

--------------------------------------------------
Developed with:

The Dumb Artist Library (TX Library)
TXLib [Ver: 00173a, Rev: 171, Date: 2022-07-23 02:08:28 +0400]
Copyright (C) Ded (Ilya Dedinsky, http://txlib.ru) <mail@txlib.ru>
See license on: http://txlib.ru

TXLib file:	c:\codeblocks\codeblocks\mingw\include\txlib.h
Compiled:	Oct 26 2022 18:10:30, GNU g++ 4.8.1, std=201103L, MinGW Runtime 3.20, 32-bit, Debug
Started:	Oct 26 2022 18:10:56

Run file:	D:\я\проект\bin\Release\проект.exe
Directory:	D:\я\проект

--------------------------------------------------

--------------------------------------------------
TXLib предупреждает:

Программа: D:\я\проект\bin\Release\проект.exe,

ВНЕЗАПНО: Нарушение доступа к памяти.

#1: Исключение EXCEPTION_ACCESS_VIOLATION (0xC0000005) при выполнении кода по адресу 0x00494137. Попытка прочесть данные по адресу 0xFFFFFFFC в модуле D:\я\проект\bin\Release\проект.exe. Спасибо _txVectoredExceptionHandler(), что сообщил. Люблю его <3

#1: TXLib [Ver: 00173a, Rev: 171, Date: 2022-07-23 02:08:28 +0400], Instance: 0x0051254C (32-bit), Flags: CMdRE0, Thread: 0x2D9C (Main). 

--------------------------------------------------
Стек вызовов:

# 3 0x77B67BBE in C:\Windows\SYSTEM32\ntdll.dll: RtlGetAppContainerNamedObjectPath()
# 4 0x77B67B8E in C:\Windows\SYSTEM32\ntdll.dll: RtlGetAppContainerNamedObjectPath()

--------------------------------------------------
Developed with:

The Dumb Artist Library (TX Library)
TXLib [Ver: 00173a, Rev: 171, Date: 2022-07-23 02:08:28 +0400]
Copyright (C) Ded (Ilya Dedinsky, http://txlib.ru) <mail@txlib.ru>
See license on: http://txlib.ru

TXLib file:	c:\codeblocks\codeblocks\mingw\include\txlib.h
Compiled:	Nov  4 2022 19:28:38, GNU g++ 4.8.1, std=201103L, MinGW Runtime 3.20, 32-bit, Debug
Started:	Nov 04 2022 19:29:05

Run file:	D:\я\проект\bin\Release\проект.exe
Directory:	D:\я\проект

--------------------------------------------------

--------------------------------------------------
TXLib соболезнует...

Программа: D:\я\проект\bin\Release\проект.exe,

ВНЕЗАПНО: signal (11, 0x00): SIGSEGV: Доступ по неверному указателю. Ставьте ассерты! 

Нарушение доступа к памяти.

#1: Исключение EXCEPTION_ACCESS_VIOLATION (0xC0000005) при выполнении кода по адресу 0x00494137. Попытка прочесть данные по адресу 0xFFFFFFFC в модуле D:\я\проект\bin\Release\проект.exe. Спасибо _txVectoredExceptionHandler(), что сообщил. Люблю его <3

С помощью функции signal() вы можете сами обработать эту ошибку.

#2: TXLib [Ver: 00173a, Rev: 171, Date: 2022-07-23 02:08:28 +0400], Instance: 0x0051254C (32-bit), Flags: CMdRE0, Thread: 0x2D9C (Main). 

--------------------------------------------------
Стек вызовов:

# 3 0x77B67BBE in C:\Windows\SYSTEM32\ntdll.dll: RtlGetAppContainerNamedObjectPath()
# 4 0x77B67B8E in C:\Windows\SYSTEM32\ntdll.dll: RtlGetAppContainerNamedObjectPath()

--------------------------------------------------
Developed with:

The Dumb Artist Library (TX Library)
TXLib [Ver: 00173a, Rev: 171, Date: 2022-07-23 02:08:28 +0400]
Copyright (C) Ded (Ilya Dedinsky, http://txlib.ru) <mail@txlib.ru>
See license on: http://txlib.ru

TXLib file:	c:\codeblocks\codeblocks\mingw\include\txlib.h
Compiled:	Nov  4 2022 19:28:38, GNU g++ 4.8.1, std=201103L, MinGW Runtime 3.20, 32-bit, Debug
Started:	Nov 04 2022 19:29:04

Run file:	D:\я\проект\bin\Release\проект.exe
Directory:	D:\я\проект

--------------------------------------------------

--------------------------------------------------
TXLib предупреждает:

Программа: D:\я\проект\bin\Release\проект.exe,

ВНЕЗАПНО: Нарушение доступа к памяти.

#1: Исключение EXCEPTION_ACCESS_VIOLATION (0xC0000005) при выполнении кода по адресу 0x0049365C. Попытка записать данные по адресу 0x00045A7C в модуле D:\я\проект\bin\Release\проект.exe. Спасибо _txVectoredExceptionHandler(), что сообщил. Люблю его <3

#1: TXLib [Ver: 00173a, Rev: 171, Date: 2022-07-23 02:08:28 +0400], Instance: 0x0051254C (32-bit), Flags: CMdRE0, Thread: 0x2828 (Main), GetLastError(): 87 (Параметр задан неверно), errno: 22 (Invalid argument). 

--------------------------------------------------
Стек вызовов:

# 3 0x77B67BBE in C:\Windows\SYSTEM32\ntdll.dll: RtlGetAppContainerNamedObjectPath()
# 4 0x77B67B8E in C:\Windows\SYSTEM32\ntdll.dll: RtlGetAppContainerNamedObjectPath()

--------------------------------------------------
Developed with:

The Dumb Artist Library (TX Library)
TXLib [Ver: 00173a, Rev: 171, Date: 2022-07-23 02:08:28 +0400]
Copyright (C) Ded (Ilya Dedinsky, http://txlib.ru) <mail@txlib.ru>
See license on: http://txlib.ru

TXLib file:	c:\codeblocks\codeblocks\mingw\include\txlib.h
Compiled:	Nov  4 2022 19:29:42, GNU g++ 4.8.1, std=201103L, MinGW Runtime 3.20, 32-bit, Debug
Started:	Nov 04 2022 19:30:08

Run file:	D:\я\проект\bin\Release\проект.exe
Directory:	D:\я\проект

--------------------------------------------------

--------------------------------------------------
TXLib соболезнует...

Программа: D:\я\проект\bin\Release\проект.exe,

ВНЕЗАПНО: signal (11, 0x00): SIGSEGV: Доступ по неверному указателю. Ставьте ассерты! 

Нарушение доступа к памяти.

#1: Исключение EXCEPTION_ACCESS_VIOLATION (0xC0000005) при выполнении кода по адресу 0x0049365C. Попытка записать данные по адресу 0x00045A7C в модуле D:\я\проект\bin\Release\проект.exe. Спасибо _txVectoredExceptionHandler(), что сообщил. Люблю его <3

С помощью функции signal() вы можете сами обработать эту ошибку.

#2: TXLib [Ver: 00173a, Rev: 171, Date: 2022-07-23 02:08:28 +0400], Instance: 0x0051254C (32-bit), Flags: CMdRE0, Thread: 0x2828 (Main), GetLastError(): 87 (Параметр задан неверно), errno: 22 (Invalid argument). 

--------------------------------------------------
Стек вызовов:

# 3 0x77B67BBE in C:\Windows\SYSTEM32\ntdll.dll: RtlGetAppContainerNamedObjectPath()
# 4 0x77B67B8E in C:\Windows\SYSTEM32\ntdll.dll: RtlGetAppContainerNamedObjectPath()

--------------------------------------------------
Developed with:

The Dumb Artist Library (TX Library)
TXLib [Ver: 00173a, Rev: 171, Date: 2022-07-23 02:08:28 +0400]
Copyright (C) Ded (Ilya Dedinsky, http://txlib.ru) <mail@txlib.ru>
See license on: http://txlib.ru

TXLib file:	c:\codeblocks\codeblocks\mingw\include\txlib.h
Compiled:	Nov  4 2022 19:29:42, GNU g++ 4.8.1, std=201103L, MinGW Runtime 3.20, 32-bit, Debug
Started:	Nov 04 2022 19:30:07

Run file:	D:\я\проект\bin\Release\проект.exe
Directory:	D:\я\проект

--------------------------------------------------

--------------------------------------------------
TXLib предупреждает:

Программа: D:\я\проект\bin\Release\проект.exe,

ВНЕЗАПНО: Нарушение доступа к памяти.

#1: Исключение EXCEPTION_ACCESS_VIOLATION (0xC0000005) при выполнении кода по адресу 0x00494137. Попытка прочесть данные по адресу 0xFFFFFFFC в модуле D:\я\проект\bin\Release\проект.exe. Спасибо _txVectoredExceptionHandler(), что сообщил. Люблю его <3

#1: TXLib [Ver: 00173a, Rev: 171, Date: 2022-07-23 02:08:28 +0400], Instance: 0x0051254C (32-bit), Flags: CMdRE0, Thread: 0x1610 (Main). 

--------------------------------------------------
Стек вызовов:

# 3 0x77B67BBE in C:\Windows\SYSTEM32\ntdll.dll: RtlGetAppContainerNamedObjectPath()
# 4 0x77B67B8E in C:\Windows\SYSTEM32\ntdll.dll: RtlGetAppContainerNamedObjectPath()

--------------------------------------------------
Developed with:

The Dumb Artist Library (TX Library)
TXLib [Ver: 00173a, Rev: 171, Date: 2022-07-23 02:08:28 +0400]
Copyright (C) Ded (Ilya Dedinsky, http://txlib.ru) <mail@txlib.ru>
See license on: http://txlib.ru

TXLib file:	c:\codeblocks\codeblocks\mingw\include\txlib.h
Compiled:	Nov  4 2022 19:30:44, GNU g++ 4.8.1, std=201103L, MinGW Runtime 3.20, 32-bit, Debug
Started:	Nov 04 2022 19:31:10

Run file:	D:\я\проект\bin\Release\проект.exe
Directory:	D:\я\проект

--------------------------------------------------

--------------------------------------------------
TXLib соболезнует...

Программа: D:\я\проект\bin\Release\проект.exe,

ВНЕЗАПНО: signal (11, 0x00): SIGSEGV: Доступ по неверному указателю. Ставьте ассерты! 

Нарушение доступа к памяти.

#1: Исключение EXCEPTION_ACCESS_VIOLATION (0xC0000005) при выполнении кода по адресу 0x00494137. Попытка прочесть данные по адресу 0xFFFFFFFC в модуле D:\я\проект\bin\Release\проект.exe. Спасибо _txVectoredExceptionHandler(), что сообщил. Люблю его <3

С помощью функции signal() вы можете сами обработать эту ошибку.

#2: TXLib [Ver: 00173a, Rev: 171, Date: 2022-07-23 02:08:28 +0400], Instance: 0x0051254C (32-bit), Flags: CMdRE0, Thread: 0x1610 (Main). 

--------------------------------------------------
Стек вызовов:

# 3 0x77B67BBE in C:\Windows\SYSTEM32\ntdll.dll: RtlGetAppContainerNamedObjectPath()
# 4 0x77B67B8E in C:\Windows\SYSTEM32\ntdll.dll: RtlGetAppContainerNamedObjectPath()

--------------------------------------------------
Developed with:

The Dumb Artist Library (TX Library)
TXLib [Ver: 00173a, Rev: 171, Date: 2022-07-23 02:08:28 +0400]
Copyright (C) Ded (Ilya Dedinsky, http://txlib.ru) <mail@txlib.ru>
See license on: http://txlib.ru

TXLib file:	c:\codeblocks\codeblocks\mingw\include\txlib.h
Compiled:	Nov  4 2022 19:30:44, GNU g++ 4.8.1, std=201103L, MinGW Runtime 3.20, 32-bit, Debug
Started:	Nov 04 2022 19:31:09

Run file:	D:\я\проект\bin\Release\проект.exe
Directory:	D:\я\проект

--------------------------------------------------

--------------------------------------------------
TXLib предупреждает:

Программа: D:\я\проект\bin\Release\проект.exe,

ВНЕЗАПНО: Нарушение доступа к памяти.

#1: Исключение EXCEPTION_ACCESS_VIOLATION (0xC0000005) при выполнении кода по адресу 0x0049411E. Попытка прочесть данные по адресу 0xFFFFFFFC в модуле D:\я\проект\bin\Release\проект.exe. Спасибо _txVectoredExceptionHandler(), что сообщил. Люблю его <3

#1: TXLib [Ver: 00173a, Rev: 171, Date: 2022-07-23 02:08:28 +0400], Instance: 0x0051254C (32-bit), Flags: CMdRE0, Thread: 0x2590 (Main). 

--------------------------------------------------
Стек вызовов:

# 3 0x77B67BBE in C:\Windows\SYSTEM32\ntdll.dll: RtlGetAppContainerNamedObjectPath()
# 4 0x77B67B8E in C:\Windows\SYSTEM32\ntdll.dll: RtlGetAppContainerNamedObjectPath()

--------------------------------------------------
Developed with:

The Dumb Artist Library (TX Library)
TXLib [Ver: 00173a, Rev: 171, Date: 2022-07-23 02:08:28 +0400]
Copyright (C) Ded (Ilya Dedinsky, http://txlib.ru) <mail@txlib.ru>
See license on: http://txlib.ru

TXLib file:	c:\codeblocks\codeblocks\mingw\include\txlib.h
Compiled:	Nov  4 2022 19:31:39, GNU g++ 4.8.1, std=201103L, MinGW Runtime 3.20, 32-bit, Debug
Started:	Nov 04 2022 19:32:06

Run file:	D:\я\проект\bin\Release\проект.exe
Directory:	D:\я\проект

--------------------------------------------------

--------------------------------------------------
TXLib соболезнует...

Программа: D:\я\проект\bin\Release\проект.exe,

ВНЕЗАПНО: signal (11, 0x00): SIGSEGV: Доступ по неверному указателю. Ставьте ассерты! 

Нарушение доступа к памяти.

#1: Исключение EXCEPTION_ACCESS_VIOLATION (0xC0000005) при выполнении кода по адресу 0x0049411E. Попытка прочесть данные по адресу 0xFFFFFFFC в модуле D:\я\проект\bin\Release\проект.exe. Спасибо _txVectoredExceptionHandler(), что сообщил. Люблю его <3

С помощью функции signal() вы можете сами обработать эту ошибку.

#2: TXLib [Ver: 00173a, Rev: 171, Date: 2022-07-23 02:08:28 +0400], Instance: 0x0051254C (32-bit), Flags: CMdRE0, Thread: 0x2590 (Main). 

--------------------------------------------------
Стек вызовов:

# 3 0x77B67BBE in C:\Windows\SYSTEM32\ntdll.dll: RtlGetAppContainerNamedObjectPath()
# 4 0x77B67B8E in C:\Windows\SYSTEM32\ntdll.dll: RtlGetAppContainerNamedObjectPath()

--------------------------------------------------
Developed with:

The Dumb Artist Library (TX Library)
TXLib [Ver: 00173a, Rev: 171, Date: 2022-07-23 02:08:28 +0400]
Copyright (C) Ded (Ilya Dedinsky, http://txlib.ru) <mail@txlib.ru>
See license on: http://txlib.ru

TXLib file:	c:\codeblocks\codeblocks\mingw\include\txlib.h
Compiled:	Nov  4 2022 19:31:39, GNU g++ 4.8.1, std=201103L, MinGW Runtime 3.20, 32-bit, Debug
Started:	Nov 04 2022 19:32:05

Run file:	D:\я\проект\bin\Release\проект.exe
Directory:	D:\я\проект

--------------------------------------------------

--------------------------------------------------
TXLib предупреждает:

Программа: D:\я\проект\bin\Release\проект.exe,

ВНЕЗАПНО: Нарушение доступа к памяти.

#1: Исключение EXCEPTION_ACCESS_VIOLATION (0xC0000005) при выполнении кода по адресу 0x0049365C. Попытка записать данные по адресу 0x004AC33C в модуле D:\я\проект\bin\Release\проект.exe. Спасибо _txVectoredExceptionHandler(), что сообщил. Люблю его <3

#1: TXLib [Ver: 00173a, Rev: 171, Date: 2022-07-23 02:08:28 +0400], Instance: 0x0051254C (32-bit), Flags: CMdRE0, Thread: 0x7C0 (Main), GetLastError(): 2 (Не удается найти указанный файл). 

--------------------------------------------------
Стек вызовов:

# 3 0x77AE7BBE in C:\Windows\SYSTEM32\ntdll.dll: RtlGetAppContainerNamedObjectPath()
# 4 0x77AE7B8E in C:\Windows\SYSTEM32\ntdll.dll: RtlGetAppContainerNamedObjectPath()

--------------------------------------------------
Developed with:

The Dumb Artist Library (TX Library)
TXLib [Ver: 00173a, Rev: 171, Date: 2022-07-23 02:08:28 +0400]
Copyright (C) Ded (Ilya Dedinsky, http://txlib.ru) <mail@txlib.ru>
See license on: http://txlib.ru

TXLib file:	c:\codeblocks\codeblocks\mingw\include\txlib.h
Compiled:	Nov  9 2022 18:23:13, GNU g++ 4.8.1, std=201103L, MinGW Runtime 3.20, 32-bit, Debug
Started:	Nov 09 2022 18:23:40

Run file:	D:\я\проект\bin\Release\проект.exe
Directory:	D:\я\проект

--------------------------------------------------

--------------------------------------------------
TXLib соболезнует...

Программа: D:\я\проект\bin\Release\проект.exe,

ВНЕЗАПНО: signal (11, 0x00): SIGSEGV: Доступ по неверному указателю. Ставьте ассерты! 

Нарушение доступа к памяти.

#1: Исключение EXCEPTION_ACCESS_VIOLATION (0xC0000005) при выполнении кода по адресу 0x0049365C. Попытка записать данные по адресу 0x004AC33C в модуле D:\я\проект\bin\Release\проект.exe. Спасибо _txVectoredExceptionHandler(), что сообщил. Люблю его <3

С помощью функции signal() вы можете сами обработать эту ошибку.

#2: TXLib [Ver: 00173a, Rev: 171, Date: 2022-07-23 02:08:28 +0400], Instance: 0x0051254C (32-bit), Flags: CMdRE0, Thread: 0x7C0 (Main), GetLastError(): 2 (Не удается найти указанный файл). 

--------------------------------------------------
Стек вызовов:

# 3 0x77AE7BBE in C:\Windows\SYSTEM32\ntdll.dll: RtlGetAppContainerNamedObjectPath()
# 4 0x77AE7B8E in C:\Windows\SYSTEM32\ntdll.dll: RtlGetAppContainerNamedObjectPath()

--------------------------------------------------
Developed with:

The Dumb Artist Library (TX Library)
TXLib [Ver: 00173a, Rev: 171, Date: 2022-07-23 02:08:28 +0400]
Copyright (C) Ded (Ilya Dedinsky, http://txlib.ru) <mail@txlib.ru>
See license on: http://txlib.ru

TXLib file:	c:\codeblocks\codeblocks\mingw\include\txlib.h
Compiled:	Nov  9 2022 18:23:13, GNU g++ 4.8.1, std=201103L, MinGW Runtime 3.20, 32-bit, Debug
Started:	Nov 09 2022 18:23:40

Run file:	D:\я\проект\bin\Release\проект.exe
Directory:	D:\я\проект

--------------------------------------------------

--------------------------------------------------
TXLib предупреждает:

Программа: D:\я\проект\bin\Release\проект.exe,

ВНЕЗАПНО: Нарушение доступа к памяти.

#1: Исключение EXCEPTION_ACCESS_VIOLATION (0xC0000005) при выполнении кода по адресу 0x0049365C. Попытка записать данные по адресу 0x004AC33C в модуле D:\я\проект\bin\Release\проект.exe. Спасибо _txVectoredExceptionHandler(), что сообщил. Люблю его <3

#1: TXLib [Ver: 00173a, Rev: 171, Date: 2022-07-23 02:08:28 +0400], Instance: 0x0051254C (32-bit), Flags: CMdRE0, Thread: 0xD70 (Main), GetLastError(): 2 (Не удается найти указанный файл). 

--------------------------------------------------
Стек вызовов:

# 3 0x77AE7BBE in C:\Windows\SYSTEM32\ntdll.dll: RtlGetAppContainerNamedObjectPath()
# 4 0x77AE7B8E in C:\Windows\SYSTEM32\ntdll.dll: RtlGetAppContainerNamedObjectPath()

--------------------------------------------------
Developed with:

The Dumb Artist Library (TX Library)
TXLib [Ver: 00173a, Rev: 171, Date: 2022-07-23 02:08:28 +0400]
Copyright (C) Ded (Ilya Dedinsky, http://txlib.ru) <mail@txlib.ru>
See license on: http://txlib.ru

TXLib file:	c:\codeblocks\codeblocks\mingw\include\txlib.h
Compiled:	Nov  9 2022 18:23:13, GNU g++ 4.8.1, std=201103L, MinGW Runtime 3.20, 32-bit, Debug
Started:	Nov 09 2022 18:24:19

Run file:	D:\я\проект\bin\Release\проект.exe
Directory:	D:\я\проект

--------------------------------------------------

--------------------------------------------------
TXLib соболезнует...

Программа: D:\я\проект\bin\Release\проект.exe,

ВНЕЗАПНО: signal (11, 0x00): SIGSEGV: Доступ по неверному указателю. Ставьте ассерты! 

Нарушение доступа к памяти.

#1: Исключение EXCEPTION_ACCESS_VIOLATION (0xC0000005) при выполнении кода по адресу 0x0049365C. Попытка записать данные по адресу 0x004AC33C в модуле D:\я\проект\bin\Release\проект.exe. Спасибо _txVectoredExceptionHandler(), что сообщил. Люблю его <3

С помощью функции signal() вы можете сами обработать эту ошибку.

#2: TXLib [Ver: 00173a, Rev: 171, Date: 2022-07-23 02:08:28 +0400], Instance: 0x0051254C (32-bit), Flags: CMdRE0, Thread: 0xD70 (Main), GetLastError(): 2 (Не удается найти указанный файл). 

--------------------------------------------------
Стек вызовов:

# 3 0x77AE7BBE in C:\Windows\SYSTEM32\ntdll.dll: RtlGetAppContainerNamedObjectPath()
# 4 0x77AE7B8E in C:\Windows\SYSTEM32\ntdll.dll: RtlGetAppContainerNamedObjectPath()

--------------------------------------------------
Developed with:

The Dumb Artist Library (TX Library)
TXLib [Ver: 00173a, Rev: 171, Date: 2022-07-23 02:08:28 +0400]
Copyright (C) Ded (Ilya Dedinsky, http://txlib.ru) <mail@txlib.ru>
See license on: http://txlib.ru

TXLib file:	c:\codeblocks\codeblocks\mingw\include\txlib.h
Compiled:	Nov  9 2022 18:23:13, GNU g++ 4.8.1, std=201103L, MinGW Runtime 3.20, 32-bit, Debug
Started:	Nov 09 2022 18:24:19

Run file:	D:\я\проект\bin\Release\проект.exe
Directory:	D:\я\проект

--------------------------------------------------

--------------------------------------------------
TXLib предупреждает:

Программа: D:\я\проект\bin\Release\проект.exe,

ВНЕЗАПНО: Нарушение доступа к памяти.

#1: Исключение EXCEPTION_ACCESS_VIOLATION (0xC0000005) при выполнении кода по адресу 0x0049365C. Попытка записать данные по адресу 0x004AC33C в модуле D:\я\проект\bin\Release\проект.exe. Спасибо _txVectoredExceptionHandler(), что сообщил. Люблю его <3

#1: TXLib [Ver: 00173a, Rev: 171, Date: 2022-07-23 02:08:28 +0400], Instance: 0x0051254C (32-bit), Flags: CMdRE0, Thread: 0xF00 (Main), GetLastError(): 2 (Не удается найти указанный файл). 

--------------------------------------------------
Стек вызовов:

# 3 0x77AE7BBE in C:\Windows\SYSTEM32\ntdll.dll: RtlGetAppContainerNamedObjectPath()
# 4 0x77AE7B8E in C:\Windows\SYSTEM32\ntdll.dll: RtlGetAppContainerNamedObjectPath()

--------------------------------------------------
Developed with:

The Dumb Artist Library (TX Library)
TXLib [Ver: 00173a, Rev: 171, Date: 2022-07-23 02:08:28 +0400]
Copyright (C) Ded (Ilya Dedinsky, http://txlib.ru) <mail@txlib.ru>
See license on: http://txlib.ru

TXLib file:	c:\codeblocks\codeblocks\mingw\include\txlib.h
Compiled:	Nov  9 2022 18:23:13, GNU g++ 4.8.1, std=201103L, MinGW Runtime 3.20, 32-bit, Debug
Started:	Nov 09 2022 18:28:37

Run file:	D:\я\проект\bin\Release\проект.exe
Directory:	D:\я\проект

--------------------------------------------------

--------------------------------------------------
TXLib соболезнует...

Программа: D:\я\проект\bin\Release\проект.exe,

ВНЕЗАПНО: signal (11, 0x00): SIGSEGV: Доступ по неверному указателю. Ставьте ассерты! 

Нарушение доступа к памяти.

#1: Исключение EXCEPTION_ACCESS_VIOLATION (0xC0000005) при выполнении кода по адресу 0x0049365C. Попытка записать данные по адресу 0x004AC33C в модуле D:\я\проект\bin\Release\проект.exe. Спасибо _txVectoredExceptionHandler(), что сообщил. Люблю его <3

С помощью функции signal() вы можете сами обработать эту ошибку.

#2: TXLib [Ver: 00173a, Rev: 171, Date: 2022-07-23 02:08:28 +0400], Instance: 0x0051254C (32-bit), Flags: CMdRE0, Thread: 0xF00 (Main), GetLastError(): 2 (Не удается найти указанный файл). 

--------------------------------------------------
Стек вызовов:

# 3 0x77AE7BBE in C:\Windows\SYSTEM32\ntdll.dll: RtlGetAppContainerNamedObjectPath()
# 4 0x77AE7B8E in C:\Windows\SYSTEM32\ntdll.dll: RtlGetAppContainerNamedObjectPath()

--------------------------------------------------
Developed with:

The Dumb Artist Library (TX Library)
TXLib [Ver: 00173a, Rev: 171, Date: 2022-07-23 02:08:28 +0400]
Copyright (C) Ded (Ilya Dedinsky, http://txlib.ru) <mail@txlib.ru>
See license on: http://txlib.ru

TXLib file:	c:\codeblocks\codeblocks\mingw\include\txlib.h
Compiled:	Nov  9 2022 18:23:13, GNU g++ 4.8.1, std=201103L, MinGW Runtime 3.20, 32-bit, Debug
Started:	Nov 09 2022 18:28:37

Run file:	D:\я\проект\bin\Release\проект.exe
Directory:	D:\я\проект

--------------------------------------------------

--------------------------------------------------
TXLib предупреждает:

Программа: D:\я\проект\bin\Release\проект.exe,

ВНЕЗАПНО: Нарушение доступа к памяти.

#1: Исключение EXCEPTION_ACCESS_VIOLATION (0xC0000005) при выполнении кода по адресу 0x0049365C. Попытка записать данные по адресу 0x004AC33C в модуле D:\я\проект\bin\Release\проект.exe. Спасибо _txVectoredExceptionHandler(), что сообщил. Люблю его <3

#1: TXLib [Ver: 00173a, Rev: 171, Date: 2022-07-23 02:08:28 +0400], Instance: 0x0051254C (32-bit), Flags: CMdRE0, Thread: 0x3010 (Main). 

--------------------------------------------------
Стек вызовов:

# 3 0x77AE7BBE in C:\Windows\SYSTEM32\ntdll.dll: RtlGetAppContainerNamedObjectPath()
# 4 0x77AE7B8E in C:\Windows\SYSTEM32\ntdll.dll: RtlGetAppContainerNamedObjectPath()

--------------------------------------------------
Developed with:

The Dumb Artist Library (TX Library)
TXLib [Ver: 00173a, Rev: 171, Date: 2022-07-23 02:08:28 +0400]
Copyright (C) Ded (Ilya Dedinsky, http://txlib.ru) <mail@txlib.ru>
See license on: http://txlib.ru

TXLib file:	c:\codeblocks\codeblocks\mingw\include\txlib.h
Compiled:	Nov  9 2022 19:01:10, GNU g++ 4.8.1, std=201103L, MinGW Runtime 3.20, 32-bit, Debug
Started:	Nov 09 2022 19:01:37

Run file:	D:\я\проект\bin\Release\проект.exe
Directory:	D:\я\проект

--------------------------------------------------

--------------------------------------------------
TXLib соболезнует...

Программа: D:\я\проект\bin\Release\проект.exe,

ВНЕЗАПНО: signal (11, 0x00): SIGSEGV: Доступ по неверному указателю. Ставьте ассерты! 

Нарушение доступа к памяти.

#1: Исключение EXCEPTION_ACCESS_VIOLATION (0xC0000005) при выполнении кода по адресу 0x0049365C. Попытка записать данные по адресу 0x004AC33C в модуле D:\я\проект\bin\Release\проект.exe. Спасибо _txVectoredExceptionHandler(), что сообщил. Люблю его <3

С помощью функции signal() вы можете сами обработать эту ошибку.

#2: TXLib [Ver: 00173a, Rev: 171, Date: 2022-07-23 02:08:28 +0400], Instance: 0x0051254C (32-bit), Flags: CMdRE0, Thread: 0x3010 (Main). 

--------------------------------------------------
Стек вызовов:

# 3 0x77AE7BBE in C:\Windows\SYSTEM32\ntdll.dll: RtlGetAppContainerNamedObjectPath()
# 4 0x77AE7B8E in C:\Windows\SYSTEM32\ntdll.dll: RtlGetAppContainerNamedObjectPath()

--------------------------------------------------
Developed with:

The Dumb Artist Library (TX Library)
TXLib [Ver: 00173a, Rev: 171, Date: 2022-07-23 02:08:28 +0400]
Copyright (C) Ded (Ilya Dedinsky, http://txlib.ru) <mail@txlib.ru>
See license on: http://txlib.ru

TXLib file:	c:\codeblocks\codeblocks\mingw\include\txlib.h
Compiled:	Nov  9 2022 19:01:10, GNU g++ 4.8.1, std=201103L, MinGW Runtime 3.20, 32-bit, Debug
Started:	Nov 09 2022 19:01:37

Run file:	D:\я\проект\bin\Release\проект.exe
Directory:	D:\я\проект

--------------------------------------------------

--------------------------------------------------
TXLib соболезнует...

Программа: D:\я\проект\bin\Release\проект.exe, файл: c:\codeblocks\codeblocks\mingw\include\txlib.h, строка: 10851, функция: bool {anonymous}::TX::_txBuffer_Delete(HDC__**),

Сообщение: Параметр "*dc" неверен. Возможно, этот холст не создан, или уже уничтожен, или не загрузилась картинка.

#1: TXLib [Ver: 00173a, Rev: 171, Date: 2022-07-23 02:08:28 +0400], Instance: 0x0051254C (32-bit), Flags: CMdRE0, Thread: 0x2B2C (Main), GetLastError(): 13 (Недопустимые данные). 

--------------------------------------------------
Стек вызовов:

# 3 0x77AE7BBE in C:\Windows\SYSTEM32\ntdll.dll: RtlGetAppContainerNamedObjectPath()
# 4 0x77AE7B8E in C:\Windows\SYSTEM32\ntdll.dll: RtlGetAppContainerNamedObjectPath()

--------------------------------------------------
Developed with:

The Dumb Artist Library (TX Library)
TXLib [Ver: 00173a, Rev: 171, Date: 2022-07-23 02:08:28 +0400]
Copyright (C) Ded (Ilya Dedinsky, http://txlib.ru) <mail@txlib.ru>
See license on: http://txlib.ru

TXLib file:	c:\codeblocks\codeblocks\mingw\include\txlib.h
Compiled:	Nov  9 2022 19:02:43, GNU g++ 4.8.1, std=201103L, MinGW Runtime 3.20, 32-bit, Debug
Started:	Nov 09 2022 19:03:10

Run file:	D:\я\проект\bin\Release\проект.exe
Directory:	D:\я\проект

--------------------------------------------------

--------------------------------------------------
TXLib соболезнует...

Программа: D:\я\проект\bin\Release\проект.exe, файл: c:\codeblocks\codeblocks\mingw\include\txlib.h, строка: 10851, функция: bool {anonymous}::TX::_txBuffer_Delete(HDC__**),

Сообщение: Параметр "*dc" неверен. Возможно, этот холст не создан, или уже уничтожен, или не загрузилась картинка.

#1: TXLib [Ver: 00173a, Rev: 171, Date: 2022-07-23 02:08:28 +0400], Instance: 0x0051254C (32-bit), Flags: CMdRE0, Thread: 0x2E28 (Main), GetLastError(): 13 (Недопустимые данные). 

--------------------------------------------------
Стек вызовов:

# 3 0x77AE7BBE in C:\Windows\SYSTEM32\ntdll.dll: RtlGetAppContainerNamedObjectPath()
# 4 0x77AE7B8E in C:\Windows\SYSTEM32\ntdll.dll: RtlGetAppContainerNamedObjectPath()

--------------------------------------------------
Developed with:

The Dumb Artist Library (TX Library)
TXLib [Ver: 00173a, Rev: 171, Date: 2022-07-23 02:08:28 +0400]
Copyright (C) Ded (Ilya Dedinsky, http://txlib.ru) <mail@txlib.ru>
See license on: http://txlib.ru

TXLib file:	c:\codeblocks\codeblocks\mingw\include\txlib.h
Compiled:	Nov  9 2022 19:23:38, GNU g++ 4.8.1, std=201103L, MinGW Runtime 3.20, 32-bit, Debug
Started:	Nov 09 2022 19:24:04

Run file:	D:\я\проект\bin\Release\проект.exe
Directory:	D:\я\проект

--------------------------------------------------

--------------------------------------------------
TXLib соболезнует...

Программа: D:\я\проект\bin\Release\проект.exe, файл: c:\codeblocks\codeblocks\mingw\include\txlib.h, строка: 10851, функция: bool {anonymous}::TX::_txBuffer_Delete(HDC__**),

Сообщение: Параметр "*dc" неверен. Возможно, этот холст не создан, или уже уничтожен, или не загрузилась картинка.

#1: TXLib [Ver: 00173a, Rev: 171, Date: 2022-07-23 02:08:28 +0400], Instance: 0x0051254C (32-bit), Flags: CMdRE0, Thread: 0x810 (Main), GetLastError(): 13 (Недопустимые данные). 

--------------------------------------------------
Стек вызовов:

# 3 0x77AE7BBE in C:\Windows\SYSTEM32\ntdll.dll: RtlGetAppContainerNamedObjectPath()
# 4 0x77AE7B8E in C:\Windows\SYSTEM32\ntdll.dll: RtlGetAppContainerNamedObjectPath()

--------------------------------------------------
Developed with:

The Dumb Artist Library (TX Library)
TXLib [Ver: 00173a, Rev: 171, Date: 2022-07-23 02:08:28 +0400]
Copyright (C) Ded (Ilya Dedinsky, http://txlib.ru) <mail@txlib.ru>
See license on: http://txlib.ru

TXLib file:	c:\codeblocks\codeblocks\mingw\include\txlib.h
Compiled:	Nov  9 2022 19:25:06, GNU g++ 4.8.1, std=201103L, MinGW Runtime 3.20, 32-bit, Debug
Started:	Nov 09 2022 19:25:33

Run file:	D:\я\проект\bin\Release\проект.exe
Directory:	D:\я\проект

--------------------------------------------------

--------------------------------------------------
TXLib соболезнует...

Программа: D:\я\проект\bin\Release\проект.exe, файл: c:\codeblocks\codeblocks\mingw\include\txlib.h, строка: 10851, функция: bool {anonymous}::TX::_txBuffer_Delete(HDC__**),

Сообщение: Параметр "*dc" неверен. Возможно, этот холст не создан, или уже уничтожен, или не загрузилась картинка.

#1: TXLib [Ver: 00173a, Rev: 171, Date: 2022-07-23 02:08:28 +0400], Instance: 0x0051254C (32-bit), Flags: CMdRE0, Thread: 0x16E8 (Main), GetLastError(): 13 (Недопустимые данные). 

--------------------------------------------------
Стек вызовов:

# 3 0x77AE7BBE in C:\Windows\SYSTEM32\ntdll.dll: RtlGetAppContainerNamedObjectPath()
# 4 0x77AE7B8E in C:\Windows\SYSTEM32\ntdll.dll: RtlGetAppContainerNamedObjectPath()

--------------------------------------------------
Developed with:

The Dumb Artist Library (TX Library)
TXLib [Ver: 00173a, Rev: 171, Date: 2022-07-23 02:08:28 +0400]
Copyright (C) Ded (Ilya Dedinsky, http://txlib.ru) <mail@txlib.ru>
See license on: http://txlib.ru

TXLib file:	c:\codeblocks\codeblocks\mingw\include\txlib.h
Compiled:	Nov  9 2022 19:27:33, GNU g++ 4.8.1, std=201103L, MinGW Runtime 3.20, 32-bit, Debug
Started:	Nov 09 2022 19:27:59

Run file:	D:\я\проект\bin\Release\проект.exe
Directory:	D:\я\проект

--------------------------------------------------

--------------------------------------------------
TXLib соболезнует...

Программа: D:\я\проект\bin\Release\проект.exe,

ВНЕЗАПНО: std::terminate(): Неперехваченное исключение в функции main() или в деструкторе, или другая фатальная ошибка C++. 

Объект исключения C++: std::logic_error, what(): "basic_string::_S_construct null not valid", его адрес 0x03F947E8.

Используйте try/catch блоки, перехватывайте catch (...), проверяйте вызовы виртуальных функций, разбирайтесь, в чем дело.

С помощью std::set_terminate() вы можете сами обработать эту ошибку.

#1: TXLib [Ver: 00173a, Rev: 171, Date: 2022-07-23 02:08:28 +0400], Instance: 0x0051254C (32-bit), Flags: CMdRE0, Thread: 0xDF4 (Main). 

--------------------------------------------------
Стек вызовов:

# 3 0x77AE7BBE in C:\Windows\SYSTEM32\ntdll.dll: RtlGetAppContainerNamedObjectPath()
# 4 0x77AE7B8E in C:\Windows\SYSTEM32\ntdll.dll: RtlGetAppContainerNamedObjectPath()

--------------------------------------------------
Developed with:

The Dumb Artist Library (TX Library)
TXLib [Ver: 00173a, Rev: 171, Date: 2022-07-23 02:08:28 +0400]
Copyright (C) Ded (Ilya Dedinsky, http://txlib.ru) <mail@txlib.ru>
See license on: http://txlib.ru

TXLib file:	c:\codeblocks\codeblocks\mingw\include\txlib.h
Compiled:	Nov 11 2022 18:35:21, GNU g++ 4.8.1, std=201103L, MinGW Runtime 3.20, 32-bit, Debug
Started:	Nov 11 2022 18:35:48

Run file:	D:\я\проект\bin\Release\проект.exe
Directory:	D:\я\проект

--------------------------------------------------

--------------------------------------------------
TXLib соболезнует...

Программа: D:\я\проект\bin\Release\проект.exe,

ВНЕЗАПНО: std::terminate(): Неперехваченное исключение в функции main() или в деструкторе, или другая фатальная ошибка C++. 

Объект исключения C++: std::logic_error, what(): "basic_string::_S_construct null not valid", его адрес 0x03EF4818.

Используйте try/catch блоки, перехватывайте catch (...), проверяйте вызовы виртуальных функций, разбирайтесь, в чем дело.

С помощью std::set_terminate() вы можете сами обработать эту ошибку.

#1: TXLib [Ver: 00173a, Rev: 171, Date: 2022-07-23 02:08:28 +0400], Instance: 0x0051254C (32-bit), Flags: CMdRE0, Thread: 0x2E94 (Main). 

--------------------------------------------------
Стек вызовов:

# 3 0x77AE7BBE in C:\Windows\SYSTEM32\ntdll.dll: RtlGetAppContainerNamedObjectPath()
# 4 0x77AE7B8E in C:\Windows\SYSTEM32\ntdll.dll: RtlGetAppContainerNamedObjectPath()

--------------------------------------------------
Developed with:

The Dumb Artist Library (TX Library)
TXLib [Ver: 00173a, Rev: 171, Date: 2022-07-23 02:08:28 +0400]
Copyright (C) Ded (Ilya Dedinsky, http://txlib.ru) <mail@txlib.ru>
See license on: http://txlib.ru

TXLib file:	c:\codeblocks\codeblocks\mingw\include\txlib.h
Compiled:	Nov 11 2022 18:35:21, GNU g++ 4.8.1, std=201103L, MinGW Runtime 3.20, 32-bit, Debug
Started:	Nov 11 2022 18:40:34

Run file:	D:\я\проект\bin\Release\проект.exe
Directory:	D:\я\проект

--------------------------------------------------
