
--------------------------------------------------
TXLib соболезнует...

Программа: D:\я\проект\bin\Debug\проект.exe, файл: c:\codeblocks\codeblocks\mingw\include\txlib.h, строка: 13628, функция: bool {anonymous}::TX::txBitBlt(HDC, double, double, double, double, HDC, double, double, unsigned int),

Сообщение: Параметр "sourceImage" неверен. Возможно, этот холст не создан, или уже уничтожен, или не загрузилась картинка.

#1: TXLib [Ver: 00173a, Rev: 171, Date: 2022-07-23 02:08:28 +0400], Instance: 0x004F32FC (32-bit), Flags: CMdRE0, Thread: 0x18E8 (Main), GetLastError(): 13 (Недопустимые данные). 

--------------------------------------------------
Стек вызовов:

# 0 0x00416409 in D:\я\проект\bin\Debug\проект.exe: txBitBlt() at c:/codeblocks/codeblocks/mingw/include/txlib.h (13628)

# 1 0x0041CA7D in D:\я\проект\bin\Debug\проект.exe: main() at D:/я/проект/main.cpp (39):

     37:         HDC fon = txLoadImage("проект/картинки/Фон.bmp");
     38: 
=>   39:         txBitBlt(txDC(), 0, 0, 800, 600, fon);
     40: 
     41:         drawButton(50, 50, "Диван");

--------------------------------------------------
Developed with:

The Dumb Artist Library (TX Library)
TXLib [Ver: 00173a, Rev: 171, Date: 2022-07-23 02:08:28 +0400]
Copyright (C) Ded (Ilya Dedinsky, http://txlib.ru) <mail@txlib.ru>
See license on: http://txlib.ru

TXLib file:	c:\codeblocks\codeblocks\mingw\include\txlib.h
Compiled:	Sep 21 2022 18:24:54, GNU g++ 4.8.1, std=201103L, MinGW Runtime 3.20, 32-bit, Debug
Started:	Sep 21 2022 18:25:18

Run file:	D:\я\проект\bin\Debug\проект.exe
Directory:	D:\я\проект

--------------------------------------------------

--------------------------------------------------
TXLib соболезнует...

Программа: D:\я\проект\bin\Debug\проект.exe, файл: c:\codeblocks\codeblocks\mingw\include\txlib.h, строка: 13628, функция: bool {anonymous}::TX::txBitBlt(HDC, double, double, double, double, HDC, double, double, unsigned int),

Сообщение: Параметр "sourceImage" неверен. Возможно, этот холст не создан, или уже уничтожен, или не загрузилась картинка.

#1: TXLib [Ver: 00173a, Rev: 171, Date: 2022-07-23 02:08:28 +0400], Instance: 0x004F32FC (32-bit), Flags: CMdRE0, Thread: 0x2930 (Main), GetLastError(): 13 (Недопустимые данные). 

--------------------------------------------------
Стек вызовов:

# 0 0x00416409 in D:\я\проект\bin\Debug\проект.exe: txBitBlt() at c:/codeblocks/codeblocks/mingw/include/txlib.h (13628)

# 1 0x0041CA7D in D:\я\проект\bin\Debug\проект.exe: main() at D:/я/проект/main.cpp (39):

     37:         HDC fon = txLoadImage("проект/картинки/Фон/Фон.bmp");
     38: 
=>   39:         txBitBlt(txDC(), 0, 0, 800, 600, fon);
     40: 
     41:         drawButton(50, 50, "Диван");

--------------------------------------------------
Developed with:

The Dumb Artist Library (TX Library)
TXLib [Ver: 00173a, Rev: 171, Date: 2022-07-23 02:08:28 +0400]
Copyright (C) Ded (Ilya Dedinsky, http://txlib.ru) <mail@txlib.ru>
See license on: http://txlib.ru

TXLib file:	c:\codeblocks\codeblocks\mingw\include\txlib.h
Compiled:	Sep 21 2022 18:26:26, GNU g++ 4.8.1, std=201103L, MinGW Runtime 3.20, 32-bit, Debug
Started:	Sep 21 2022 18:26:47

Run file:	D:\я\проект\bin\Debug\проект.exe
Directory:	D:\я\проект

--------------------------------------------------

--------------------------------------------------
TXLib соболезнует...

Программа: D:\я\проект\bin\Debug\проект.exe, файл: c:\codeblocks\codeblocks\mingw\include\txlib.h, строка: 13628, функция: bool {anonymous}::TX::txBitBlt(HDC, double, double, double, double, HDC, double, double, unsigned int),

Сообщение: Параметр "sourceImage" неверен. Возможно, этот холст не создан, или уже уничтожен, или не загрузилась картинка.

#1: TXLib [Ver: 00173a, Rev: 171, Date: 2022-07-23 02:08:28 +0400], Instance: 0x004F32FC (32-bit), Flags: CMdRE0, Thread: 0x24B8 (Main), GetLastError(): 13 (Недопустимые данные). 

--------------------------------------------------
Стек вызовов:

# 0 0x00416409 in D:\я\проект\bin\Debug\проект.exe: txBitBlt() at c:/codeblocks/codeblocks/mingw/include/txlib.h (13628)

# 1 0x0041CA7D in D:\я\проект\bin\Debug\проект.exe: main() at D:/я/проект/main.cpp (39):

     37: 
     38: 
=>   39:         txBitBlt(txDC(), 0, 0, 800, 600, fon);
     40: 
     41:         drawButton(50, 50, "Диван");

--------------------------------------------------
Developed with:

The Dumb Artist Library (TX Library)
TXLib [Ver: 00173a, Rev: 171, Date: 2022-07-23 02:08:28 +0400]
Copyright (C) Ded (Ilya Dedinsky, http://txlib.ru) <mail@txlib.ru>
See license on: http://txlib.ru

TXLib file:	c:\codeblocks\codeblocks\mingw\include\txlib.h
Compiled:	Sep 21 2022 18:29:05, GNU g++ 4.8.1, std=201103L, MinGW Runtime 3.20, 32-bit, Debug
Started:	Sep 21 2022 18:29:26

Run file:	D:\я\проект\bin\Debug\проект.exe
Directory:	D:\я\проект

--------------------------------------------------

--------------------------------------------------
TXLib сообщает:

Программа: D:\я\проект\bin\Debug\проект.exe, файл: c:\codeblocks\codeblocks\mingw\include\txlib.h, строка: 13678, функция: bool {anonymous}::TX::txTransparentBlt(HDC, double, double, double, double, HDC, double, double, COLORREF),

Сообщение: Прямоугольник копируемой области {0, 0, 150, 48} не полностью лежит внутри изображения-источника {0, 0, 100, 150}, функция txTransparentBlt() работать не будет.

#1: TXLib [Ver: 00173a, Rev: 171, Date: 2022-07-23 02:08:28 +0400], Instance: 0x004F32FC (32-bit), Flags: CMdRE0, Thread: 0xB74 (Main), GetLastError(): 13 (Недопустимые данные). 

--------------------------------------------------
Стек вызовов:

# 0 0x004169B9 in D:\я\проект\bin\Debug\проект.exe: txTransparentBlt() at c:/codeblocks/codeblocks/mingw/include/txlib.h (13678)

# 1 0x0041CEB8 in D:\я\проект\bin\Debug\проект.exe: main() at D:/я/проект/main.cpp (101):

     99:         {
    100:             txTransparentBlt(txDC(),100,200, 150, 48, divan, 0,0, TX_WHITE);
=>  101:             txTransparentBlt(txDC(),100,200, 150, 48, bed, 0,0, TX_WHITE);
    102: 
    103: 

--------------------------------------------------
Developed with:

The Dumb Artist Library (TX Library)
TXLib [Ver: 00173a, Rev: 171, Date: 2022-07-23 02:08:28 +0400]
Copyright (C) Ded (Ilya Dedinsky, http://txlib.ru) <mail@txlib.ru>
See license on: http://txlib.ru

TXLib file:	c:\codeblocks\codeblocks\mingw\include\txlib.h
Compiled:	Oct  5 2022 18:29:43, GNU g++ 4.8.1, std=201103L, MinGW Runtime 3.20, 32-bit, Debug
Started:	Oct 05 2022 18:30:01

Run file:	D:\я\проект\bin\Debug\проект.exe
Directory:	D:\я\проект

--------------------------------------------------
